==1055183== Memcheck, a memory error detector
==1055183== Copyright (C) 2002-2017, and GNU GPL'd, by Julian Seward et al.
==1055183== Using Valgrind-3.18.1 and LibVEX; rerun with -h for copyright info
==1055183== Command: ./minishell
==1055183== Parent PID: 1055181
==1055183== 
==1055183== 
==1055183== HEAP SUMMARY:
==1055183==     in use at exit: 213,497 bytes in 487 blocks
==1055183==   total heap usage: 703 allocs, 216 frees, 234,379 bytes allocated
==1055183== 
==1055183== 5 bytes in 1 blocks are still reachable in loss record 1 of 74
==1055183==    at 0x4848899: malloc (in /usr/libexec/valgrind/vgpreload_memcheck-amd64-linux.so)
==1055183==    by 0x48ADBAC: xmalloc (in /usr/lib/x86_64-linux-gnu/libreadline.so.8.1)
==1055183==    by 0x48A4B39: alloc_history_entry (in /usr/lib/x86_64-linux-gnu/libreadline.so.8.1)
==1055183==    by 0x48A6F65: add_history (in /usr/lib/x86_64-linux-gnu/libreadline.so.8.1)
==1055183==    by 0x4018D1: read_input (in /home/spenev/42Cirriculum/minishell-my/minishell)
==1055183==    by 0x401BAB: main (in /home/spenev/42Cirriculum/minishell-my/minishell)
==1055183== 
==1055183== 5 bytes in 1 blocks are indirectly lost in loss record 2 of 74
==1055183==    at 0x4848899: malloc (in /usr/libexec/valgrind/vgpreload_memcheck-amd64-linux.so)
==1055183==    by 0x497058E: strdup (strdup.c:42)
==1055183==    by 0x403DEF: parse_command (in /home/spenev/42Cirriculum/minishell-my/minishell)
==1055183==    by 0x403F14: parse_pipeline (in /home/spenev/42Cirriculum/minishell-my/minishell)
==1055183==    by 0x404114: parse_logical_expression (in /home/spenev/42Cirriculum/minishell-my/minishell)
==1055183==    by 0x4042A6: parse_command_line (in /home/spenev/42Cirriculum/minishell-my/minishell)
==1055183==    by 0x4043BC: parse_tokens (in /home/spenev/42Cirriculum/minishell-my/minishell)
==1055183==    by 0x401CD4: process_parser (in /home/spenev/42Cirriculum/minishell-my/minishell)
==1055183==    by 0x401AD0: process_command (in /home/spenev/42Cirriculum/minishell-my/minishell)
==1055183==    by 0x401BD3: main (in /home/spenev/42Cirriculum/minishell-my/minishell)
==1055183== 
==1055183== 8 bytes in 1 blocks are still reachable in loss record 3 of 74
==1055183==    at 0x4848899: malloc (in /usr/libexec/valgrind/vgpreload_memcheck-amd64-linux.so)
==1055183==    by 0x497058E: strdup (strdup.c:42)
==1055183==    by 0x4B0ED17: _nc_trim_sgr0 (in /usr/lib/x86_64-linux-gnu/libtinfo.so.6.3)
==1055183==    by 0x4B0D6A8: tgetent_sp (in /usr/lib/x86_64-linux-gnu/libtinfo.so.6.3)
==1055183==    by 0x48A91CD: _rl_init_terminal_io (in /usr/lib/x86_64-linux-gnu/libreadline.so.8.1)
==1055183==    by 0x4895A0F: rl_initialize (in /usr/lib/x86_64-linux-gnu/libreadline.so.8.1)
==1055183==    by 0x4895CD4: readline (in /usr/lib/x86_64-linux-gnu/libreadline.so.8.1)
==1055183==    by 0x401896: read_input (in /home/spenev/42Cirriculum/minishell-my/minishell)
==1055183==    by 0x401BAB: main (in /home/spenev/42Cirriculum/minishell-my/minishell)
==1055183== 
==1055183== 8 bytes in 1 blocks are still reachable in loss record 4 of 74
==1055183==    at 0x484DCD3: realloc (in /usr/libexec/valgrind/vgpreload_memcheck-amd64-linux.so)
==1055183==    by 0x48AE491: xrealloc (in /usr/lib/x86_64-linux-gnu/libreadline.so.8.1)
==1055183==    by 0x489A626: ??? (in /usr/lib/x86_64-linux-gnu/libreadline.so.8.1)
==1055183==    by 0x489AE0D: rl_expand_prompt (in /usr/lib/x86_64-linux-gnu/libreadline.so.8.1)
==1055183==    by 0x488A1BF: rl_set_prompt (in /usr/lib/x86_64-linux-gnu/libreadline.so.8.1)
==1055183==    by 0x4895CCF: readline (in /usr/lib/x86_64-linux-gnu/libreadline.so.8.1)
==1055183==    by 0x401896: read_input (in /home/spenev/42Cirriculum/minishell-my/minishell)
==1055183==    by 0x401BAB: main (in /home/spenev/42Cirriculum/minishell-my/minishell)
==1055183== 
==1055183== 12 bytes in 1 blocks are still reachable in loss record 5 of 74
==1055183==    at 0x4848899: malloc (in /usr/libexec/valgrind/vgpreload_memcheck-amd64-linux.so)
==1055183==    by 0x48ADBAC: xmalloc (in /usr/lib/x86_64-linux-gnu/libreadline.so.8.1)
==1055183==    by 0x488A1E3: rl_set_prompt (in /usr/lib/x86_64-linux-gnu/libreadline.so.8.1)
==1055183==    by 0x4895CCF: readline (in /usr/lib/x86_64-linux-gnu/libreadline.so.8.1)
==1055183==    by 0x401896: read_input (in /home/spenev/42Cirriculum/minishell-my/minishell)
==1055183==    by 0x401BAB: main (in /home/spenev/42Cirriculum/minishell-my/minishell)
==1055183== 
==1055183== 12 bytes in 1 blocks are still reachable in loss record 6 of 74
==1055183==    at 0x4848899: malloc (in /usr/libexec/valgrind/vgpreload_memcheck-amd64-linux.so)
==1055183==    by 0x48ADBAC: xmalloc (in /usr/lib/x86_64-linux-gnu/libreadline.so.8.1)
==1055183==    by 0x48A6F28: add_history (in /usr/lib/x86_64-linux-gnu/libreadline.so.8.1)
==1055183==    by 0x4018D1: read_input (in /home/spenev/42Cirriculum/minishell-my/minishell)
==1055183==    by 0x401BAB: main (in /home/spenev/42Cirriculum/minishell-my/minishell)
==1055183== 
==1055183== 12 bytes in 1 blocks are still reachable in loss record 7 of 74
==1055183==    at 0x4848899: malloc (in /usr/libexec/valgrind/vgpreload_memcheck-amd64-linux.so)
==1055183==    by 0x48ADBAC: xmalloc (in /usr/lib/x86_64-linux-gnu/libreadline.so.8.1)
==1055183==    by 0x489A5F2: ??? (in /usr/lib/x86_64-linux-gnu/libreadline.so.8.1)
==1055183==    by 0x489AE0D: rl_expand_prompt (in /usr/lib/x86_64-linux-gnu/libreadline.so.8.1)
==1055183==    by 0x488A1BF: rl_set_prompt (in /usr/lib/x86_64-linux-gnu/libreadline.so.8.1)
==1055183==    by 0x4895CCF: readline (in /usr/lib/x86_64-linux-gnu/libreadline.so.8.1)
==1055183==    by 0x401896: read_input (in /home/spenev/42Cirriculum/minishell-my/minishell)
==1055183==    by 0x401BAB: main (in /home/spenev/42Cirriculum/minishell-my/minishell)
==1055183== 
==1055183== 13 bytes in 1 blocks are still reachable in loss record 8 of 74
==1055183==    at 0x4848899: malloc (in /usr/libexec/valgrind/vgpreload_memcheck-amd64-linux.so)
==1055183==    by 0x497058E: strdup (strdup.c:42)
==1055183==    by 0x4B00377: ??? (in /usr/lib/x86_64-linux-gnu/libtinfo.so.6.3)
==1055183==    by 0x4B02BF8: _nc_first_db (in /usr/lib/x86_64-linux-gnu/libtinfo.so.6.3)
==1055183==    by 0x4B0C696: _nc_read_entry2 (in /usr/lib/x86_64-linux-gnu/libtinfo.so.6.3)
==1055183==    by 0x4B0C711: ??? (in /usr/lib/x86_64-linux-gnu/libtinfo.so.6.3)
==1055183==    by 0x4B0C866: _nc_setupterm (in /usr/lib/x86_64-linux-gnu/libtinfo.so.6.3)
==1055183==    by 0x4B0D4C9: tgetent_sp (in /usr/lib/x86_64-linux-gnu/libtinfo.so.6.3)
==1055183==    by 0x48A91CD: _rl_init_terminal_io (in /usr/lib/x86_64-linux-gnu/libreadline.so.8.1)
==1055183==    by 0x4895A0F: rl_initialize (in /usr/lib/x86_64-linux-gnu/libreadline.so.8.1)
==1055183==    by 0x4895CD4: readline (in /usr/lib/x86_64-linux-gnu/libreadline.so.8.1)
==1055183==    by 0x401896: read_input (in /home/spenev/42Cirriculum/minishell-my/minishell)
==1055183== 
==1055183== 13 bytes in 1 blocks are still reachable in loss record 9 of 74
==1055183==    at 0x4848899: malloc (in /usr/libexec/valgrind/vgpreload_memcheck-amd64-linux.so)
==1055183==    by 0x48ADBAC: xmalloc (in /usr/lib/x86_64-linux-gnu/libreadline.so.8.1)
==1055183==    by 0x489BBF5: ??? (in /usr/lib/x86_64-linux-gnu/libreadline.so.8.1)
==1055183==    by 0x4895A38: rl_initialize (in /usr/lib/x86_64-linux-gnu/libreadline.so.8.1)
==1055183==    by 0x4895CD4: readline (in /usr/lib/x86_64-linux-gnu/libreadline.so.8.1)
==1055183==    by 0x401896: read_input (in /home/spenev/42Cirriculum/minishell-my/minishell)
==1055183==    by 0x401BAB: main (in /home/spenev/42Cirriculum/minishell-my/minishell)
==1055183== 
==1055183== 14 bytes in 1 blocks are still reachable in loss record 10 of 74
==1055183==    at 0x484DCD3: realloc (in /usr/libexec/valgrind/vgpreload_memcheck-amd64-linux.so)
==1055183==    by 0x4B016CC: _nc_doalloc (in /usr/lib/x86_64-linux-gnu/libtinfo.so.6.3)
==1055183==    by 0x4B08272: _nc_tiparm (in /usr/lib/x86_64-linux-gnu/libtinfo.so.6.3)
==1055183==    by 0x4B0EC7D: ??? (in /usr/lib/x86_64-linux-gnu/libtinfo.so.6.3)
==1055183==    by 0x4B0ED09: _nc_trim_sgr0 (in /usr/lib/x86_64-linux-gnu/libtinfo.so.6.3)
==1055183==    by 0x4B0D6A8: tgetent_sp (in /usr/lib/x86_64-linux-gnu/libtinfo.so.6.3)
==1055183==    by 0x48A91CD: _rl_init_terminal_io (in /usr/lib/x86_64-linux-gnu/libreadline.so.8.1)
==1055183==    by 0x4895A0F: rl_initialize (in /usr/lib/x86_64-linux-gnu/libreadline.so.8.1)
==1055183==    by 0x4895CD4: readline (in /usr/lib/x86_64-linux-gnu/libreadline.so.8.1)
==1055183==    by 0x401896: read_input (in /home/spenev/42Cirriculum/minishell-my/minishell)
==1055183==    by 0x401BAB: main (in /home/spenev/42Cirriculum/minishell-my/minishell)
==1055183== 
==1055183== 15 bytes in 1 blocks are still reachable in loss record 11 of 74
==1055183==    at 0x4848899: malloc (in /usr/libexec/valgrind/vgpreload_memcheck-amd64-linux.so)
==1055183==    by 0x497058E: strdup (strdup.c:42)
==1055183==    by 0x4B0C8AE: _nc_setupterm (in /usr/lib/x86_64-linux-gnu/libtinfo.so.6.3)
==1055183==    by 0x4B0D4C9: tgetent_sp (in /usr/lib/x86_64-linux-gnu/libtinfo.so.6.3)
==1055183==    by 0x48A91CD: _rl_init_terminal_io (in /usr/lib/x86_64-linux-gnu/libreadline.so.8.1)
==1055183==    by 0x4895A0F: rl_initialize (in /usr/lib/x86_64-linux-gnu/libreadline.so.8.1)
==1055183==    by 0x4895CD4: readline (in /usr/lib/x86_64-linux-gnu/libreadline.so.8.1)
==1055183==    by 0x401896: read_input (in /home/spenev/42Cirriculum/minishell-my/minishell)
==1055183==    by 0x401BAB: main (in /home/spenev/42Cirriculum/minishell-my/minishell)
==1055183== 
==1055183== 16 bytes in 1 blocks are still reachable in loss record 12 of 74
==1055183==    at 0x4848899: malloc (in /usr/libexec/valgrind/vgpreload_memcheck-amd64-linux.so)
==1055183==    by 0x4895B26: rl_initialize (in /usr/lib/x86_64-linux-gnu/libreadline.so.8.1)
==1055183==    by 0x4895CD4: readline (in /usr/lib/x86_64-linux-gnu/libreadline.so.8.1)
==1055183==    by 0x401896: read_input (in /home/spenev/42Cirriculum/minishell-my/minishell)
==1055183==    by 0x401BAB: main (in /home/spenev/42Cirriculum/minishell-my/minishell)
==1055183== 
==1055183== 20 bytes in 1 blocks are still reachable in loss record 13 of 74
==1055183==    at 0x4848899: malloc (in /usr/libexec/valgrind/vgpreload_memcheck-amd64-linux.so)
==1055183==    by 0x48ADBAC: xmalloc (in /usr/lib/x86_64-linux-gnu/libreadline.so.8.1)
==1055183==    by 0x4898D8B: ??? (in /usr/lib/x86_64-linux-gnu/libreadline.so.8.1)
==1055183==    by 0x489B6C9: rl_parse_and_bind (in /usr/lib/x86_64-linux-gnu/libreadline.so.8.1)
==1055183==    by 0x489BB6C: ??? (in /usr/lib/x86_64-linux-gnu/libreadline.so.8.1)
==1055183==    by 0x4895A38: rl_initialize (in /usr/lib/x86_64-linux-gnu/libreadline.so.8.1)
==1055183==    by 0x4895CD4: readline (in /usr/lib/x86_64-linux-gnu/libreadline.so.8.1)
==1055183==    by 0x401896: read_input (in /home/spenev/42Cirriculum/minishell-my/minishell)
==1055183==    by 0x401BAB: main (in /home/spenev/42Cirriculum/minishell-my/minishell)
==1055183== 
==1055183== 24 bytes in 1 blocks are still reachable in loss record 14 of 74
==1055183==    at 0x4848899: malloc (in /usr/libexec/valgrind/vgpreload_memcheck-amd64-linux.so)
==1055183==    by 0x49E7F34: tsearch (tsearch.c:337)
==1055183==    by 0x4B04D6E: ??? (in /usr/lib/x86_64-linux-gnu/libtinfo.so.6.3)
==1055183==    by 0x4B08098: _nc_tiparm (in /usr/lib/x86_64-linux-gnu/libtinfo.so.6.3)
==1055183==    by 0x4B0EC7D: ??? (in /usr/lib/x86_64-linux-gnu/libtinfo.so.6.3)
==1055183==    by 0x4B0ED09: _nc_trim_sgr0 (in /usr/lib/x86_64-linux-gnu/libtinfo.so.6.3)
==1055183==    by 0x4B0D6A8: tgetent_sp (in /usr/lib/x86_64-linux-gnu/libtinfo.so.6.3)
==1055183==    by 0x48A91CD: _rl_init_terminal_io (in /usr/lib/x86_64-linux-gnu/libreadline.so.8.1)
==1055183==    by 0x4895A0F: rl_initialize (in /usr/lib/x86_64-linux-gnu/libreadline.so.8.1)
==1055183==    by 0x4895CD4: readline (in /usr/lib/x86_64-linux-gnu/libreadline.so.8.1)
==1055183==    by 0x401896: read_input (in /home/spenev/42Cirriculum/minishell-my/minishell)
==1055183==    by 0x401BAB: main (in /home/spenev/42Cirriculum/minishell-my/minishell)
==1055183== 
==1055183== 24 bytes in 1 blocks are still reachable in loss record 15 of 74
==1055183==    at 0x4848899: malloc (in /usr/libexec/valgrind/vgpreload_memcheck-amd64-linux.so)
==1055183==    by 0x48ADBAC: xmalloc (in /usr/lib/x86_64-linux-gnu/libreadline.so.8.1)
==1055183==    by 0x48A4B1D: alloc_history_entry (in /usr/lib/x86_64-linux-gnu/libreadline.so.8.1)
==1055183==    by 0x48A6F65: add_history (in /usr/lib/x86_64-linux-gnu/libreadline.so.8.1)
==1055183==    by 0x4018D1: read_input (in /home/spenev/42Cirriculum/minishell-my/minishell)
==1055183==    by 0x401BAB: main (in /home/spenev/42Cirriculum/minishell-my/minishell)
==1055183== 
==1055183== 24 bytes in 1 blocks are indirectly lost in loss record 16 of 74
==1055183==    at 0x4848899: malloc (in /usr/libexec/valgrind/vgpreload_memcheck-amd64-linux.so)
==1055183==    by 0x403C85: parse_command (in /home/spenev/42Cirriculum/minishell-my/minishell)
==1055183==    by 0x403F14: parse_pipeline (in /home/spenev/42Cirriculum/minishell-my/minishell)
==1055183==    by 0x404114: parse_logical_expression (in /home/spenev/42Cirriculum/minishell-my/minishell)
==1055183==    by 0x4042A6: parse_command_line (in /home/spenev/42Cirriculum/minishell-my/minishell)
==1055183==    by 0x4043BC: parse_tokens (in /home/spenev/42Cirriculum/minishell-my/minishell)
==1055183==    by 0x401CD4: process_parser (in /home/spenev/42Cirriculum/minishell-my/minishell)
==1055183==    by 0x401AD0: process_command (in /home/spenev/42Cirriculum/minishell-my/minishell)
==1055183==    by 0x401BD3: main (in /home/spenev/42Cirriculum/minishell-my/minishell)
==1055183== 
==1055183== 25 bytes in 1 blocks are still reachable in loss record 17 of 74
==1055183==    at 0x4848899: malloc (in /usr/libexec/valgrind/vgpreload_memcheck-amd64-linux.so)
==1055183==    by 0x4B02624: _nc_home_terminfo (in /usr/lib/x86_64-linux-gnu/libtinfo.so.6.3)
==1055183==    by 0x4B02BE2: _nc_first_db (in /usr/lib/x86_64-linux-gnu/libtinfo.so.6.3)
==1055183==    by 0x4B0C696: _nc_read_entry2 (in /usr/lib/x86_64-linux-gnu/libtinfo.so.6.3)
==1055183==    by 0x4B0C711: ??? (in /usr/lib/x86_64-linux-gnu/libtinfo.so.6.3)
==1055183==    by 0x4B0C866: _nc_setupterm (in /usr/lib/x86_64-linux-gnu/libtinfo.so.6.3)
==1055183==    by 0x4B0D4C9: tgetent_sp (in /usr/lib/x86_64-linux-gnu/libtinfo.so.6.3)
==1055183==    by 0x48A91CD: _rl_init_terminal_io (in /usr/lib/x86_64-linux-gnu/libreadline.so.8.1)
==1055183==    by 0x4895A0F: rl_initialize (in /usr/lib/x86_64-linux-gnu/libreadline.so.8.1)
==1055183==    by 0x4895CD4: readline (in /usr/lib/x86_64-linux-gnu/libreadline.so.8.1)
==1055183==    by 0x401896: read_input (in /home/spenev/42Cirriculum/minishell-my/minishell)
==1055183==    by 0x401BAB: main (in /home/spenev/42Cirriculum/minishell-my/minishell)
==1055183== 
==1055183== 46 bytes in 1 blocks are still reachable in loss record 18 of 74
==1055183==    at 0x484DCD3: realloc (in /usr/libexec/valgrind/vgpreload_memcheck-amd64-linux.so)
==1055183==    by 0x4B016CC: _nc_doalloc (in /usr/lib/x86_64-linux-gnu/libtinfo.so.6.3)
==1055183==    by 0x4B0C16F: _nc_read_termtype (in /usr/lib/x86_64-linux-gnu/libtinfo.so.6.3)
==1055183==    by 0x4B0C52A: ??? (in /usr/lib/x86_64-linux-gnu/libtinfo.so.6.3)
==1055183==    by 0x4B0EC40: ??? (in /usr/lib/x86_64-linux-gnu/libtinfo.so.6.3)
==1055183==    by 0x4B0C6BB: _nc_read_entry2 (in /usr/lib/x86_64-linux-gnu/libtinfo.so.6.3)
==1055183==    by 0x4B0C711: ??? (in /usr/lib/x86_64-linux-gnu/libtinfo.so.6.3)
==1055183==    by 0x4B0C866: _nc_setupterm (in /usr/lib/x86_64-linux-gnu/libtinfo.so.6.3)
==1055183==    by 0x4B0D4C9: tgetent_sp (in /usr/lib/x86_64-linux-gnu/libtinfo.so.6.3)
==1055183==    by 0x48A91CD: _rl_init_terminal_io (in /usr/lib/x86_64-linux-gnu/libreadline.so.8.1)
==1055183==    by 0x4895A0F: rl_initialize (in /usr/lib/x86_64-linux-gnu/libreadline.so.8.1)
==1055183==    by 0x4895CD4: readline (in /usr/lib/x86_64-linux-gnu/libreadline.so.8.1)
==1055183== 
==1055183== 46 bytes in 1 blocks are still reachable in loss record 19 of 74
==1055183==    at 0x4848899: malloc (in /usr/libexec/valgrind/vgpreload_memcheck-amd64-linux.so)
==1055183==    by 0x4B00FDE: ??? (in /usr/lib/x86_64-linux-gnu/libtinfo.so.6.3)
==1055183==    by 0x4B0C87D: _nc_setupterm (in /usr/lib/x86_64-linux-gnu/libtinfo.so.6.3)
==1055183==    by 0x4B0D4C9: tgetent_sp (in /usr/lib/x86_64-linux-gnu/libtinfo.so.6.3)
==1055183==    by 0x48A91CD: _rl_init_terminal_io (in /usr/lib/x86_64-linux-gnu/libreadline.so.8.1)
==1055183==    by 0x4895A0F: rl_initialize (in /usr/lib/x86_64-linux-gnu/libreadline.so.8.1)
==1055183==    by 0x4895CD4: readline (in /usr/lib/x86_64-linux-gnu/libreadline.so.8.1)
==1055183==    by 0x401896: read_input (in /home/spenev/42Cirriculum/minishell-my/minishell)
==1055183==    by 0x401BAB: main (in /home/spenev/42Cirriculum/minishell-my/minishell)
==1055183== 
==1055183== 48 bytes in 1 blocks are still reachable in loss record 20 of 74
==1055183==    at 0x484DA83: calloc (in /usr/libexec/valgrind/vgpreload_memcheck-amd64-linux.so)
==1055183==    by 0x4B02833: _nc_first_db (in /usr/lib/x86_64-linux-gnu/libtinfo.so.6.3)
==1055183==    by 0x4B0C696: _nc_read_entry2 (in /usr/lib/x86_64-linux-gnu/libtinfo.so.6.3)
==1055183==    by 0x4B0C711: ??? (in /usr/lib/x86_64-linux-gnu/libtinfo.so.6.3)
==1055183==    by 0x4B0C866: _nc_setupterm (in /usr/lib/x86_64-linux-gnu/libtinfo.so.6.3)
==1055183==    by 0x4B0D4C9: tgetent_sp (in /usr/lib/x86_64-linux-gnu/libtinfo.so.6.3)
==1055183==    by 0x48A91CD: _rl_init_terminal_io (in /usr/lib/x86_64-linux-gnu/libreadline.so.8.1)
==1055183==    by 0x4895A0F: rl_initialize (in /usr/lib/x86_64-linux-gnu/libreadline.so.8.1)
==1055183==    by 0x4895CD4: readline (in /usr/lib/x86_64-linux-gnu/libreadline.so.8.1)
==1055183==    by 0x401896: read_input (in /home/spenev/42Cirriculum/minishell-my/minishell)
==1055183==    by 0x401BAB: main (in /home/spenev/42Cirriculum/minishell-my/minishell)
==1055183== 
==1055183== 78 bytes in 1 blocks are still reachable in loss record 21 of 74
==1055183==    at 0x4848899: malloc (in /usr/libexec/valgrind/vgpreload_memcheck-amd64-linux.so)
==1055183==    by 0x4B0104B: ??? (in /usr/lib/x86_64-linux-gnu/libtinfo.so.6.3)
==1055183==    by 0x4B0C87D: _nc_setupterm (in /usr/lib/x86_64-linux-gnu/libtinfo.so.6.3)
==1055183==    by 0x4B0D4C9: tgetent_sp (in /usr/lib/x86_64-linux-gnu/libtinfo.so.6.3)
==1055183==    by 0x48A91CD: _rl_init_terminal_io (in /usr/lib/x86_64-linux-gnu/libreadline.so.8.1)
==1055183==    by 0x4895A0F: rl_initialize (in /usr/lib/x86_64-linux-gnu/libreadline.so.8.1)
==1055183==    by 0x4895CD4: readline (in /usr/lib/x86_64-linux-gnu/libreadline.so.8.1)
==1055183==    by 0x401896: read_input (in /home/spenev/42Cirriculum/minishell-my/minishell)
==1055183==    by 0x401BAB: main (in /home/spenev/42Cirriculum/minishell-my/minishell)
==1055183== 
==1055183== 80 bytes in 1 blocks are indirectly lost in loss record 22 of 74
==1055183==    at 0x4848899: malloc (in /usr/libexec/valgrind/vgpreload_memcheck-amd64-linux.so)
==1055183==    by 0x403CDE: parse_command (in /home/spenev/42Cirriculum/minishell-my/minishell)
==1055183==    by 0x403F14: parse_pipeline (in /home/spenev/42Cirriculum/minishell-my/minishell)
==1055183==    by 0x404114: parse_logical_expression (in /home/spenev/42Cirriculum/minishell-my/minishell)
==1055183==    by 0x4042A6: parse_command_line (in /home/spenev/42Cirriculum/minishell-my/minishell)
==1055183==    by 0x4043BC: parse_tokens (in /home/spenev/42Cirriculum/minishell-my/minishell)
==1055183==    by 0x401CD4: process_parser (in /home/spenev/42Cirriculum/minishell-my/minishell)
==1055183==    by 0x401AD0: process_command (in /home/spenev/42Cirriculum/minishell-my/minishell)
==1055183==    by 0x401BD3: main (in /home/spenev/42Cirriculum/minishell-my/minishell)
==1055183== 
==1055183== 93 bytes in 1 blocks are still reachable in loss record 23 of 74
==1055183==    at 0x4848899: malloc (in /usr/libexec/valgrind/vgpreload_memcheck-amd64-linux.so)
==1055183==    by 0x497058E: strdup (strdup.c:42)
==1055183==    by 0x4B04D54: ??? (in /usr/lib/x86_64-linux-gnu/libtinfo.so.6.3)
==1055183==    by 0x4B08098: _nc_tiparm (in /usr/lib/x86_64-linux-gnu/libtinfo.so.6.3)
==1055183==    by 0x4B0EC7D: ??? (in /usr/lib/x86_64-linux-gnu/libtinfo.so.6.3)
==1055183==    by 0x4B0ED09: _nc_trim_sgr0 (in /usr/lib/x86_64-linux-gnu/libtinfo.so.6.3)
==1055183==    by 0x4B0D6A8: tgetent_sp (in /usr/lib/x86_64-linux-gnu/libtinfo.so.6.3)
==1055183==    by 0x48A91CD: _rl_init_terminal_io (in /usr/lib/x86_64-linux-gnu/libreadline.so.8.1)
==1055183==    by 0x4895A0F: rl_initialize (in /usr/lib/x86_64-linux-gnu/libreadline.so.8.1)
==1055183==    by 0x4895CD4: readline (in /usr/lib/x86_64-linux-gnu/libreadline.so.8.1)
==1055183==    by 0x401896: read_input (in /home/spenev/42Cirriculum/minishell-my/minishell)
==1055183==    by 0x401BAB: main (in /home/spenev/42Cirriculum/minishell-my/minishell)
==1055183== 
==1055183== 94 bytes in 1 blocks are still reachable in loss record 24 of 74
==1055183==    at 0x4848899: malloc (in /usr/libexec/valgrind/vgpreload_memcheck-amd64-linux.so)
==1055183==    by 0x4B0279A: _nc_first_db (in /usr/lib/x86_64-linux-gnu/libtinfo.so.6.3)
==1055183==    by 0x4B0C696: _nc_read_entry2 (in /usr/lib/x86_64-linux-gnu/libtinfo.so.6.3)
==1055183==    by 0x4B0C711: ??? (in /usr/lib/x86_64-linux-gnu/libtinfo.so.6.3)
==1055183==    by 0x4B0C866: _nc_setupterm (in /usr/lib/x86_64-linux-gnu/libtinfo.so.6.3)
==1055183==    by 0x4B0D4C9: tgetent_sp (in /usr/lib/x86_64-linux-gnu/libtinfo.so.6.3)
==1055183==    by 0x48A91CD: _rl_init_terminal_io (in /usr/lib/x86_64-linux-gnu/libreadline.so.8.1)
==1055183==    by 0x4895A0F: rl_initialize (in /usr/lib/x86_64-linux-gnu/libreadline.so.8.1)
==1055183==    by 0x4895CD4: readline (in /usr/lib/x86_64-linux-gnu/libreadline.so.8.1)
==1055183==    by 0x401896: read_input (in /home/spenev/42Cirriculum/minishell-my/minishell)
==1055183==    by 0x401BAB: main (in /home/spenev/42Cirriculum/minishell-my/minishell)
==1055183== 
==1055183== 94 bytes in 1 blocks are still reachable in loss record 25 of 74
==1055183==    at 0x4848899: malloc (in /usr/libexec/valgrind/vgpreload_memcheck-amd64-linux.so)
==1055183==    by 0x4B0495B: _nc_tparm_analyze (in /usr/lib/x86_64-linux-gnu/libtinfo.so.6.3)
==1055183==    by 0x4B04C62: ??? (in /usr/lib/x86_64-linux-gnu/libtinfo.so.6.3)
==1055183==    by 0x4B08098: _nc_tiparm (in /usr/lib/x86_64-linux-gnu/libtinfo.so.6.3)
==1055183==    by 0x4B0EC7D: ??? (in /usr/lib/x86_64-linux-gnu/libtinfo.so.6.3)
==1055183==    by 0x4B0ED09: _nc_trim_sgr0 (in /usr/lib/x86_64-linux-gnu/libtinfo.so.6.3)
==1055183==    by 0x4B0D6A8: tgetent_sp (in /usr/lib/x86_64-linux-gnu/libtinfo.so.6.3)
==1055183==    by 0x48A91CD: _rl_init_terminal_io (in /usr/lib/x86_64-linux-gnu/libreadline.so.8.1)
==1055183==    by 0x4895A0F: rl_initialize (in /usr/lib/x86_64-linux-gnu/libreadline.so.8.1)
==1055183==    by 0x4895CD4: readline (in /usr/lib/x86_64-linux-gnu/libreadline.so.8.1)
==1055183==    by 0x401896: read_input (in /home/spenev/42Cirriculum/minishell-my/minishell)
==1055183==    by 0x401BAB: main (in /home/spenev/42Cirriculum/minishell-my/minishell)
==1055183== 
==1055183== 133 (24 direct, 109 indirect) bytes in 1 blocks are definitely lost in loss record 26 of 74
==1055183==    at 0x4848899: malloc (in /usr/libexec/valgrind/vgpreload_memcheck-amd64-linux.so)
==1055183==    by 0x403C55: parse_command (in /home/spenev/42Cirriculum/minishell-my/minishell)
==1055183==    by 0x403F14: parse_pipeline (in /home/spenev/42Cirriculum/minishell-my/minishell)
==1055183==    by 0x404114: parse_logical_expression (in /home/spenev/42Cirriculum/minishell-my/minishell)
==1055183==    by 0x4042A6: parse_command_line (in /home/spenev/42Cirriculum/minishell-my/minishell)
==1055183==    by 0x4043BC: parse_tokens (in /home/spenev/42Cirriculum/minishell-my/minishell)
==1055183==    by 0x401CD4: process_parser (in /home/spenev/42Cirriculum/minishell-my/minishell)
==1055183==    by 0x401AD0: process_command (in /home/spenev/42Cirriculum/minishell-my/minishell)
==1055183==    by 0x401BD3: main (in /home/spenev/42Cirriculum/minishell-my/minishell)
==1055183== 
==1055183== 156 bytes in 1 blocks are still reachable in loss record 27 of 74
==1055183==    at 0x484DCD3: realloc (in /usr/libexec/valgrind/vgpreload_memcheck-amd64-linux.so)
==1055183==    by 0x4B016CC: _nc_doalloc (in /usr/lib/x86_64-linux-gnu/libtinfo.so.6.3)
==1055183==    by 0x4B0C197: _nc_read_termtype (in /usr/lib/x86_64-linux-gnu/libtinfo.so.6.3)
==1055183==    by 0x4B0C52A: ??? (in /usr/lib/x86_64-linux-gnu/libtinfo.so.6.3)
==1055183==    by 0x4B0EC40: ??? (in /usr/lib/x86_64-linux-gnu/libtinfo.so.6.3)
==1055183==    by 0x4B0C6BB: _nc_read_entry2 (in /usr/lib/x86_64-linux-gnu/libtinfo.so.6.3)
==1055183==    by 0x4B0C711: ??? (in /usr/lib/x86_64-linux-gnu/libtinfo.so.6.3)
==1055183==    by 0x4B0C866: _nc_setupterm (in /usr/lib/x86_64-linux-gnu/libtinfo.so.6.3)
==1055183==    by 0x4B0D4C9: tgetent_sp (in /usr/lib/x86_64-linux-gnu/libtinfo.so.6.3)
==1055183==    by 0x48A91CD: _rl_init_terminal_io (in /usr/lib/x86_64-linux-gnu/libreadline.so.8.1)
==1055183==    by 0x4895A0F: rl_initialize (in /usr/lib/x86_64-linux-gnu/libreadline.so.8.1)
==1055183==    by 0x4895CD4: readline (in /usr/lib/x86_64-linux-gnu/libreadline.so.8.1)
==1055183== 
==1055183== 168 bytes in 1 blocks are still reachable in loss record 28 of 74
==1055183==    at 0x484DA83: calloc (in /usr/libexec/valgrind/vgpreload_memcheck-amd64-linux.so)
==1055183==    by 0x4B04CCD: ??? (in /usr/lib/x86_64-linux-gnu/libtinfo.so.6.3)
==1055183==    by 0x4B08098: _nc_tiparm (in /usr/lib/x86_64-linux-gnu/libtinfo.so.6.3)
==1055183==    by 0x4B0EC7D: ??? (in /usr/lib/x86_64-linux-gnu/libtinfo.so.6.3)
==1055183==    by 0x4B0ED09: _nc_trim_sgr0 (in /usr/lib/x86_64-linux-gnu/libtinfo.so.6.3)
==1055183==    by 0x4B0D6A8: tgetent_sp (in /usr/lib/x86_64-linux-gnu/libtinfo.so.6.3)
==1055183==    by 0x48A91CD: _rl_init_terminal_io (in /usr/lib/x86_64-linux-gnu/libreadline.so.8.1)
==1055183==    by 0x4895A0F: rl_initialize (in /usr/lib/x86_64-linux-gnu/libreadline.so.8.1)
==1055183==    by 0x4895CD4: readline (in /usr/lib/x86_64-linux-gnu/libreadline.so.8.1)
==1055183==    by 0x401896: read_input (in /home/spenev/42Cirriculum/minishell-my/minishell)
==1055183==    by 0x401BAB: main (in /home/spenev/42Cirriculum/minishell-my/minishell)
==1055183== 
==1055183== 256 bytes in 1 blocks are still reachable in loss record 29 of 74
==1055183==    at 0x4848899: malloc (in /usr/libexec/valgrind/vgpreload_memcheck-amd64-linux.so)
==1055183==    by 0x48ADBAC: xmalloc (in /usr/lib/x86_64-linux-gnu/libreadline.so.8.1)
==1055183==    by 0x4895C86: rl_initialize (in /usr/lib/x86_64-linux-gnu/libreadline.so.8.1)
==1055183==    by 0x4895CD4: readline (in /usr/lib/x86_64-linux-gnu/libreadline.so.8.1)
==1055183==    by 0x401896: read_input (in /home/spenev/42Cirriculum/minishell-my/minishell)
==1055183==    by 0x401BAB: main (in /home/spenev/42Cirriculum/minishell-my/minishell)
==1055183== 
==1055183== 608 bytes in 1 blocks are still reachable in loss record 30 of 74
==1055183==    at 0x484DA83: calloc (in /usr/libexec/valgrind/vgpreload_memcheck-amd64-linux.so)
==1055183==    by 0x4B0C37E: _nc_read_termtype (in /usr/lib/x86_64-linux-gnu/libtinfo.so.6.3)
==1055183==    by 0x4B0C52A: ??? (in /usr/lib/x86_64-linux-gnu/libtinfo.so.6.3)
==1055183==    by 0x4B0EC40: ??? (in /usr/lib/x86_64-linux-gnu/libtinfo.so.6.3)
==1055183==    by 0x4B0C6BB: _nc_read_entry2 (in /usr/lib/x86_64-linux-gnu/libtinfo.so.6.3)
==1055183==    by 0x4B0C711: ??? (in /usr/lib/x86_64-linux-gnu/libtinfo.so.6.3)
==1055183==    by 0x4B0C866: _nc_setupterm (in /usr/lib/x86_64-linux-gnu/libtinfo.so.6.3)
==1055183==    by 0x4B0D4C9: tgetent_sp (in /usr/lib/x86_64-linux-gnu/libtinfo.so.6.3)
==1055183==    by 0x48A91CD: _rl_init_terminal_io (in /usr/lib/x86_64-linux-gnu/libreadline.so.8.1)
==1055183==    by 0x4895A0F: rl_initialize (in /usr/lib/x86_64-linux-gnu/libreadline.so.8.1)
==1055183==    by 0x4895CD4: readline (in /usr/lib/x86_64-linux-gnu/libreadline.so.8.1)
==1055183==    by 0x401896: read_input (in /home/spenev/42Cirriculum/minishell-my/minishell)
==1055183== 
==1055183== 608 bytes in 1 blocks are still reachable in loss record 31 of 74
==1055183==    at 0x4848899: malloc (in /usr/libexec/valgrind/vgpreload_memcheck-amd64-linux.so)
==1055183==    by 0x4B01119: ??? (in /usr/lib/x86_64-linux-gnu/libtinfo.so.6.3)
==1055183==    by 0x4B0C87D: _nc_setupterm (in /usr/lib/x86_64-linux-gnu/libtinfo.so.6.3)
==1055183==    by 0x4B0D4C9: tgetent_sp (in /usr/lib/x86_64-linux-gnu/libtinfo.so.6.3)
==1055183==    by 0x48A91CD: _rl_init_terminal_io (in /usr/lib/x86_64-linux-gnu/libreadline.so.8.1)
==1055183==    by 0x4895A0F: rl_initialize (in /usr/lib/x86_64-linux-gnu/libreadline.so.8.1)
==1055183==    by 0x4895CD4: readline (in /usr/lib/x86_64-linux-gnu/libreadline.so.8.1)
==1055183==    by 0x401896: read_input (in /home/spenev/42Cirriculum/minishell-my/minishell)
==1055183==    by 0x401BAB: main (in /home/spenev/42Cirriculum/minishell-my/minishell)
==1055183== 
==1055183== 760 bytes in 1 blocks are still reachable in loss record 32 of 74
==1055183==    at 0x484DA83: calloc (in /usr/libexec/valgrind/vgpreload_memcheck-amd64-linux.so)
==1055183==    by 0x4B0C819: _nc_setupterm (in /usr/lib/x86_64-linux-gnu/libtinfo.so.6.3)
==1055183==    by 0x4B0D4C9: tgetent_sp (in /usr/lib/x86_64-linux-gnu/libtinfo.so.6.3)
==1055183==    by 0x48A91CD: _rl_init_terminal_io (in /usr/lib/x86_64-linux-gnu/libreadline.so.8.1)
==1055183==    by 0x4895A0F: rl_initialize (in /usr/lib/x86_64-linux-gnu/libreadline.so.8.1)
==1055183==    by 0x4895CD4: readline (in /usr/lib/x86_64-linux-gnu/libreadline.so.8.1)
==1055183==    by 0x401896: read_input (in /home/spenev/42Cirriculum/minishell-my/minishell)
==1055183==    by 0x401BAB: main (in /home/spenev/42Cirriculum/minishell-my/minishell)
==1055183== 
==1055183== 940 bytes in 1 blocks are still reachable in loss record 33 of 74
==1055183==    at 0x4848899: malloc (in /usr/libexec/valgrind/vgpreload_memcheck-amd64-linux.so)
==1055183==    by 0x4B0C287: _nc_read_termtype (in /usr/lib/x86_64-linux-gnu/libtinfo.so.6.3)
==1055183==    by 0x4B0C52A: ??? (in /usr/lib/x86_64-linux-gnu/libtinfo.so.6.3)
==1055183==    by 0x4B0EC40: ??? (in /usr/lib/x86_64-linux-gnu/libtinfo.so.6.3)
==1055183==    by 0x4B0C6BB: _nc_read_entry2 (in /usr/lib/x86_64-linux-gnu/libtinfo.so.6.3)
==1055183==    by 0x4B0C711: ??? (in /usr/lib/x86_64-linux-gnu/libtinfo.so.6.3)
==1055183==    by 0x4B0C866: _nc_setupterm (in /usr/lib/x86_64-linux-gnu/libtinfo.so.6.3)
==1055183==    by 0x4B0D4C9: tgetent_sp (in /usr/lib/x86_64-linux-gnu/libtinfo.so.6.3)
==1055183==    by 0x48A91CD: _rl_init_terminal_io (in /usr/lib/x86_64-linux-gnu/libreadline.so.8.1)
==1055183==    by 0x4895A0F: rl_initialize (in /usr/lib/x86_64-linux-gnu/libreadline.so.8.1)
==1055183==    by 0x4895CD4: readline (in /usr/lib/x86_64-linux-gnu/libreadline.so.8.1)
==1055183==    by 0x401896: read_input (in /home/spenev/42Cirriculum/minishell-my/minishell)
==1055183== 
==1055183== 1,024 bytes in 1 blocks are still reachable in loss record 34 of 74
==1055183==    at 0x4848899: malloc (in /usr/libexec/valgrind/vgpreload_memcheck-amd64-linux.so)
==1055183==    by 0x48AE4A7: xrealloc (in /usr/lib/x86_64-linux-gnu/libreadline.so.8.1)
==1055183==    by 0x4897C7B: ??? (in /usr/lib/x86_64-linux-gnu/libreadline.so.8.1)
==1055183==    by 0x4897D67: ??? (in /usr/lib/x86_64-linux-gnu/libreadline.so.8.1)
==1055183==    by 0x48A0C7E: rl_redisplay (in /usr/lib/x86_64-linux-gnu/libreadline.so.8.1)
==1055183==    by 0x488B458: readline_internal_setup (in /usr/lib/x86_64-linux-gnu/libreadline.so.8.1)
==1055183==    by 0x4895CF8: readline (in /usr/lib/x86_64-linux-gnu/libreadline.so.8.1)
==1055183==    by 0x401896: read_input (in /home/spenev/42Cirriculum/minishell-my/minishell)
==1055183==    by 0x401BAB: main (in /home/spenev/42Cirriculum/minishell-my/minishell)
==1055183== 
==1055183== 1,024 bytes in 1 blocks are still reachable in loss record 35 of 74
==1055183==    at 0x4848899: malloc (in /usr/libexec/valgrind/vgpreload_memcheck-amd64-linux.so)
==1055183==    by 0x48AE4A7: xrealloc (in /usr/lib/x86_64-linux-gnu/libreadline.so.8.1)
==1055183==    by 0x4897C8B: ??? (in /usr/lib/x86_64-linux-gnu/libreadline.so.8.1)
==1055183==    by 0x4897D67: ??? (in /usr/lib/x86_64-linux-gnu/libreadline.so.8.1)
==1055183==    by 0x48A0C7E: rl_redisplay (in /usr/lib/x86_64-linux-gnu/libreadline.so.8.1)
==1055183==    by 0x488B458: readline_internal_setup (in /usr/lib/x86_64-linux-gnu/libreadline.so.8.1)
==1055183==    by 0x4895CF8: readline (in /usr/lib/x86_64-linux-gnu/libreadline.so.8.1)
==1055183==    by 0x401896: read_input (in /home/spenev/42Cirriculum/minishell-my/minishell)
==1055183==    by 0x401BAB: main (in /home/spenev/42Cirriculum/minishell-my/minishell)
==1055183== 
==1055183== 1,024 bytes in 1 blocks are still reachable in loss record 36 of 74
==1055183==    at 0x4848899: malloc (in /usr/libexec/valgrind/vgpreload_memcheck-amd64-linux.so)
==1055183==    by 0x48AE4A7: xrealloc (in /usr/lib/x86_64-linux-gnu/libreadline.so.8.1)
==1055183==    by 0x4897CA2: ??? (in /usr/lib/x86_64-linux-gnu/libreadline.so.8.1)
==1055183==    by 0x4897D67: ??? (in /usr/lib/x86_64-linux-gnu/libreadline.so.8.1)
==1055183==    by 0x48A0C7E: rl_redisplay (in /usr/lib/x86_64-linux-gnu/libreadline.so.8.1)
==1055183==    by 0x488B458: readline_internal_setup (in /usr/lib/x86_64-linux-gnu/libreadline.so.8.1)
==1055183==    by 0x4895CF8: readline (in /usr/lib/x86_64-linux-gnu/libreadline.so.8.1)
==1055183==    by 0x401896: read_input (in /home/spenev/42Cirriculum/minishell-my/minishell)
==1055183==    by 0x401BAB: main (in /home/spenev/42Cirriculum/minishell-my/minishell)
==1055183== 
==1055183== 1,024 bytes in 1 blocks are still reachable in loss record 37 of 74
==1055183==    at 0x4848899: malloc (in /usr/libexec/valgrind/vgpreload_memcheck-amd64-linux.so)
==1055183==    by 0x48AE4A7: xrealloc (in /usr/lib/x86_64-linux-gnu/libreadline.so.8.1)
==1055183==    by 0x4897CBB: ??? (in /usr/lib/x86_64-linux-gnu/libreadline.so.8.1)
==1055183==    by 0x4897D67: ??? (in /usr/lib/x86_64-linux-gnu/libreadline.so.8.1)
==1055183==    by 0x48A0C7E: rl_redisplay (in /usr/lib/x86_64-linux-gnu/libreadline.so.8.1)
==1055183==    by 0x488B458: readline_internal_setup (in /usr/lib/x86_64-linux-gnu/libreadline.so.8.1)
==1055183==    by 0x4895CF8: readline (in /usr/lib/x86_64-linux-gnu/libreadline.so.8.1)
==1055183==    by 0x401896: read_input (in /home/spenev/42Cirriculum/minishell-my/minishell)
==1055183==    by 0x401BAB: main (in /home/spenev/42Cirriculum/minishell-my/minishell)
==1055183== 
==1055183== 1,024 bytes in 1 blocks are still reachable in loss record 38 of 74
==1055183==    at 0x4848899: malloc (in /usr/libexec/valgrind/vgpreload_memcheck-amd64-linux.so)
==1055183==    by 0x48ADBAC: xmalloc (in /usr/lib/x86_64-linux-gnu/libreadline.so.8.1)
==1055183==    by 0x4897DC5: ??? (in /usr/lib/x86_64-linux-gnu/libreadline.so.8.1)
==1055183==    by 0x48A0C7E: rl_redisplay (in /usr/lib/x86_64-linux-gnu/libreadline.so.8.1)
==1055183==    by 0x488B458: readline_internal_setup (in /usr/lib/x86_64-linux-gnu/libreadline.so.8.1)
==1055183==    by 0x4895CF8: readline (in /usr/lib/x86_64-linux-gnu/libreadline.so.8.1)
==1055183==    by 0x401896: read_input (in /home/spenev/42Cirriculum/minishell-my/minishell)
==1055183==    by 0x401BAB: main (in /home/spenev/42Cirriculum/minishell-my/minishell)
==1055183== 
==1055183== 1,024 bytes in 1 blocks are still reachable in loss record 39 of 74
==1055183==    at 0x4848899: malloc (in /usr/libexec/valgrind/vgpreload_memcheck-amd64-linux.so)
==1055183==    by 0x48ADBAC: xmalloc (in /usr/lib/x86_64-linux-gnu/libreadline.so.8.1)
==1055183==    by 0x4897DDA: ??? (in /usr/lib/x86_64-linux-gnu/libreadline.so.8.1)
==1055183==    by 0x48A0C7E: rl_redisplay (in /usr/lib/x86_64-linux-gnu/libreadline.so.8.1)
==1055183==    by 0x488B458: readline_internal_setup (in /usr/lib/x86_64-linux-gnu/libreadline.so.8.1)
==1055183==    by 0x4895CF8: readline (in /usr/lib/x86_64-linux-gnu/libreadline.so.8.1)
==1055183==    by 0x401896: read_input (in /home/spenev/42Cirriculum/minishell-my/minishell)
==1055183==    by 0x401BAB: main (in /home/spenev/42Cirriculum/minishell-my/minishell)
==1055183== 
==1055183== 1,024 bytes in 1 blocks are still reachable in loss record 40 of 74
==1055183==    at 0x4848899: malloc (in /usr/libexec/valgrind/vgpreload_memcheck-amd64-linux.so)
==1055183==    by 0x48ADBAC: xmalloc (in /usr/lib/x86_64-linux-gnu/libreadline.so.8.1)
==1055183==    by 0x4897DE8: ??? (in /usr/lib/x86_64-linux-gnu/libreadline.so.8.1)
==1055183==    by 0x48A0C7E: rl_redisplay (in /usr/lib/x86_64-linux-gnu/libreadline.so.8.1)
==1055183==    by 0x488B458: readline_internal_setup (in /usr/lib/x86_64-linux-gnu/libreadline.so.8.1)
==1055183==    by 0x4895CF8: readline (in /usr/lib/x86_64-linux-gnu/libreadline.so.8.1)
==1055183==    by 0x401896: read_input (in /home/spenev/42Cirriculum/minishell-my/minishell)
==1055183==    by 0x401BAB: main (in /home/spenev/42Cirriculum/minishell-my/minishell)
==1055183== 
==1055183== 1,024 bytes in 1 blocks are still reachable in loss record 41 of 74
==1055183==    at 0x4848899: malloc (in /usr/libexec/valgrind/vgpreload_memcheck-amd64-linux.so)
==1055183==    by 0x48ADBAC: xmalloc (in /usr/lib/x86_64-linux-gnu/libreadline.so.8.1)
==1055183==    by 0x4897DF6: ??? (in /usr/lib/x86_64-linux-gnu/libreadline.so.8.1)
==1055183==    by 0x48A0C7E: rl_redisplay (in /usr/lib/x86_64-linux-gnu/libreadline.so.8.1)
==1055183==    by 0x488B458: readline_internal_setup (in /usr/lib/x86_64-linux-gnu/libreadline.so.8.1)
==1055183==    by 0x4895CF8: readline (in /usr/lib/x86_64-linux-gnu/libreadline.so.8.1)
==1055183==    by 0x401896: read_input (in /home/spenev/42Cirriculum/minishell-my/minishell)
==1055183==    by 0x401BAB: main (in /home/spenev/42Cirriculum/minishell-my/minishell)
==1055183== 
==1055183== 1,236 bytes in 86 blocks are indirectly lost in loss record 42 of 74
==1055183==    at 0x4848899: malloc (in /usr/libexec/valgrind/vgpreload_memcheck-amd64-linux.so)
==1055183==    by 0x404B33: ft_strdup (in /home/spenev/42Cirriculum/minishell-my/minishell)
==1055183==    by 0x404502: create_node (in /home/spenev/42Cirriculum/minishell-my/minishell)
==1055183==    by 0x40458E: init_env (in /home/spenev/42Cirriculum/minishell-my/minishell)
==1055183==    by 0x401BA2: main (in /home/spenev/42Cirriculum/minishell-my/minishell)
==1055183== 
==1055183== 1,536 bytes in 1 blocks are still reachable in loss record 43 of 74
==1055183==    at 0x484DCD3: realloc (in /usr/libexec/valgrind/vgpreload_memcheck-amd64-linux.so)
==1055183==    by 0x48AE491: xrealloc (in /usr/lib/x86_64-linux-gnu/libreadline.so.8.1)
==1055183==    by 0x488B877: rl_add_funmap_entry (in /usr/lib/x86_64-linux-gnu/libreadline.so.8.1)
==1055183==    by 0x488B8C8: rl_initialize_funmap (in /usr/lib/x86_64-linux-gnu/libreadline.so.8.1)
==1055183==    by 0x4895A2C: rl_initialize (in /usr/lib/x86_64-linux-gnu/libreadline.so.8.1)
==1055183==    by 0x4895CD4: readline (in /usr/lib/x86_64-linux-gnu/libreadline.so.8.1)
==1055183==    by 0x401896: read_input (in /home/spenev/42Cirriculum/minishell-my/minishell)
==1055183==    by 0x401BAB: main (in /home/spenev/42Cirriculum/minishell-my/minishell)
==1055183== 
==1055183== 1,664 bytes in 1 blocks are still reachable in loss record 44 of 74
==1055183==    at 0x4848899: malloc (in /usr/libexec/valgrind/vgpreload_memcheck-amd64-linux.so)
==1055183==    by 0x4B0BACD: _nc_read_termtype (in /usr/lib/x86_64-linux-gnu/libtinfo.so.6.3)
==1055183==    by 0x4B0C52A: ??? (in /usr/lib/x86_64-linux-gnu/libtinfo.so.6.3)
==1055183==    by 0x4B0EC40: ??? (in /usr/lib/x86_64-linux-gnu/libtinfo.so.6.3)
==1055183==    by 0x4B0C6BB: _nc_read_entry2 (in /usr/lib/x86_64-linux-gnu/libtinfo.so.6.3)
==1055183==    by 0x4B0C711: ??? (in /usr/lib/x86_64-linux-gnu/libtinfo.so.6.3)
==1055183==    by 0x4B0C866: _nc_setupterm (in /usr/lib/x86_64-linux-gnu/libtinfo.so.6.3)
==1055183==    by 0x4B0D4C9: tgetent_sp (in /usr/lib/x86_64-linux-gnu/libtinfo.so.6.3)
==1055183==    by 0x48A91CD: _rl_init_terminal_io (in /usr/lib/x86_64-linux-gnu/libreadline.so.8.1)
==1055183==    by 0x4895A0F: rl_initialize (in /usr/lib/x86_64-linux-gnu/libreadline.so.8.1)
==1055183==    by 0x4895CD4: readline (in /usr/lib/x86_64-linux-gnu/libreadline.so.8.1)
==1055183==    by 0x401896: read_input (in /home/spenev/42Cirriculum/minishell-my/minishell)
==1055183== 
==1055183== 1,848 bytes in 86 blocks are indirectly lost in loss record 45 of 74
==1055183==    at 0x4848899: malloc (in /usr/libexec/valgrind/vgpreload_memcheck-amd64-linux.so)
==1055183==    by 0x404B33: ft_strdup (in /home/spenev/42Cirriculum/minishell-my/minishell)
==1055183==    by 0x404519: create_node (in /home/spenev/42Cirriculum/minishell-my/minishell)
==1055183==    by 0x40458E: init_env (in /home/spenev/42Cirriculum/minishell-my/minishell)
==1055183==    by 0x401BA2: main (in /home/spenev/42Cirriculum/minishell-my/minishell)
==1055183== 
==1055183== 2,032 bytes in 1 blocks are still reachable in loss record 46 of 74
==1055183==    at 0x4848899: malloc (in /usr/libexec/valgrind/vgpreload_memcheck-amd64-linux.so)
==1055183==    by 0x48ADBAC: xmalloc (in /usr/lib/x86_64-linux-gnu/libreadline.so.8.1)
==1055183==    by 0x48A9419: _rl_init_terminal_io (in /usr/lib/x86_64-linux-gnu/libreadline.so.8.1)
==1055183==    by 0x4895A0F: rl_initialize (in /usr/lib/x86_64-linux-gnu/libreadline.so.8.1)
==1055183==    by 0x4895CD4: readline (in /usr/lib/x86_64-linux-gnu/libreadline.so.8.1)
==1055183==    by 0x401896: read_input (in /home/spenev/42Cirriculum/minishell-my/minishell)
==1055183==    by 0x401BAB: main (in /home/spenev/42Cirriculum/minishell-my/minishell)
==1055183== 
==1055183== 2,040 bytes in 85 blocks are indirectly lost in loss record 47 of 74
==1055183==    at 0x4848899: malloc (in /usr/libexec/valgrind/vgpreload_memcheck-amd64-linux.so)
==1055183==    by 0x404495: create_node (in /home/spenev/42Cirriculum/minishell-my/minishell)
==1055183==    by 0x40458E: init_env (in /home/spenev/42Cirriculum/minishell-my/minishell)
==1055183==    by 0x401BA2: main (in /home/spenev/42Cirriculum/minishell-my/minishell)
==1055183== 
==1055183== 2,240 bytes in 140 blocks are still reachable in loss record 48 of 74
==1055183==    at 0x4848899: malloc (in /usr/libexec/valgrind/vgpreload_memcheck-amd64-linux.so)
==1055183==    by 0x48ADBAC: xmalloc (in /usr/lib/x86_64-linux-gnu/libreadline.so.8.1)
==1055183==    by 0x488B822: rl_add_funmap_entry (in /usr/lib/x86_64-linux-gnu/libreadline.so.8.1)
==1055183==    by 0x488B8C8: rl_initialize_funmap (in /usr/lib/x86_64-linux-gnu/libreadline.so.8.1)
==1055183==    by 0x4895A2C: rl_initialize (in /usr/lib/x86_64-linux-gnu/libreadline.so.8.1)
==1055183==    by 0x4895CD4: readline (in /usr/lib/x86_64-linux-gnu/libreadline.so.8.1)
==1055183==    by 0x401896: read_input (in /home/spenev/42Cirriculum/minishell-my/minishell)
==1055183==    by 0x401BAB: main (in /home/spenev/42Cirriculum/minishell-my/minishell)
==1055183== 
==1055183== 3,904 bytes in 1 blocks are still reachable in loss record 49 of 74
==1055183==    at 0x484DCD3: realloc (in /usr/libexec/valgrind/vgpreload_memcheck-amd64-linux.so)
==1055183==    by 0x4B016CC: _nc_doalloc (in /usr/lib/x86_64-linux-gnu/libtinfo.so.6.3)
==1055183==    by 0x4B0C1B5: _nc_read_termtype (in /usr/lib/x86_64-linux-gnu/libtinfo.so.6.3)
==1055183==    by 0x4B0C52A: ??? (in /usr/lib/x86_64-linux-gnu/libtinfo.so.6.3)
==1055183==    by 0x4B0EC40: ??? (in /usr/lib/x86_64-linux-gnu/libtinfo.so.6.3)
==1055183==    by 0x4B0C6BB: _nc_read_entry2 (in /usr/lib/x86_64-linux-gnu/libtinfo.so.6.3)
==1055183==    by 0x4B0C711: ??? (in /usr/lib/x86_64-linux-gnu/libtinfo.so.6.3)
==1055183==    by 0x4B0C866: _nc_setupterm (in /usr/lib/x86_64-linux-gnu/libtinfo.so.6.3)
==1055183==    by 0x4B0D4C9: tgetent_sp (in /usr/lib/x86_64-linux-gnu/libtinfo.so.6.3)
==1055183==    by 0x48A91CD: _rl_init_terminal_io (in /usr/lib/x86_64-linux-gnu/libreadline.so.8.1)
==1055183==    by 0x4895A0F: rl_initialize (in /usr/lib/x86_64-linux-gnu/libreadline.so.8.1)
==1055183==    by 0x4895CD4: readline (in /usr/lib/x86_64-linux-gnu/libreadline.so.8.1)
==1055183== 
==1055183== 3,904 bytes in 1 blocks are still reachable in loss record 50 of 74
==1055183==    at 0x4848899: malloc (in /usr/libexec/valgrind/vgpreload_memcheck-amd64-linux.so)
==1055183==    by 0x4B00FFF: ??? (in /usr/lib/x86_64-linux-gnu/libtinfo.so.6.3)
==1055183==    by 0x4B0C87D: _nc_setupterm (in /usr/lib/x86_64-linux-gnu/libtinfo.so.6.3)
==1055183==    by 0x4B0D4C9: tgetent_sp (in /usr/lib/x86_64-linux-gnu/libtinfo.so.6.3)
==1055183==    by 0x48A91CD: _rl_init_terminal_io (in /usr/lib/x86_64-linux-gnu/libreadline.so.8.1)
==1055183==    by 0x4895A0F: rl_initialize (in /usr/lib/x86_64-linux-gnu/libreadline.so.8.1)
==1055183==    by 0x4895CD4: readline (in /usr/lib/x86_64-linux-gnu/libreadline.so.8.1)
==1055183==    by 0x401896: read_input (in /home/spenev/42Cirriculum/minishell-my/minishell)
==1055183==    by 0x401BAB: main (in /home/spenev/42Cirriculum/minishell-my/minishell)
==1055183== 
==1055183== 4,016 bytes in 1 blocks are still reachable in loss record 51 of 74
==1055183==    at 0x4848899: malloc (in /usr/libexec/valgrind/vgpreload_memcheck-amd64-linux.so)
==1055183==    by 0x48ADBAC: xmalloc (in /usr/lib/x86_64-linux-gnu/libreadline.so.8.1)
==1055183==    by 0x48A6FD6: add_history (in /usr/lib/x86_64-linux-gnu/libreadline.so.8.1)
==1055183==    by 0x4018D1: read_input (in /home/spenev/42Cirriculum/minishell-my/minishell)
==1055183==    by 0x401BAB: main (in /home/spenev/42Cirriculum/minishell-my/minishell)
==1055183== 
==1055183== 4,080 bytes in 1 blocks are still reachable in loss record 52 of 74
==1055183==    at 0x4848899: malloc (in /usr/libexec/valgrind/vgpreload_memcheck-amd64-linux.so)
==1055183==    by 0x48ADBAC: xmalloc (in /usr/lib/x86_64-linux-gnu/libreadline.so.8.1)
==1055183==    by 0x48A93F9: _rl_init_terminal_io (in /usr/lib/x86_64-linux-gnu/libreadline.so.8.1)
==1055183==    by 0x4895A0F: rl_initialize (in /usr/lib/x86_64-linux-gnu/libreadline.so.8.1)
==1055183==    by 0x4895CD4: readline (in /usr/lib/x86_64-linux-gnu/libreadline.so.8.1)
==1055183==    by 0x401896: read_input (in /home/spenev/42Cirriculum/minishell-my/minishell)
==1055183==    by 0x401BAB: main (in /home/spenev/42Cirriculum/minishell-my/minishell)
==1055183== 
==1055183== 4,112 bytes in 1 blocks are still reachable in loss record 53 of 74
==1055183==    at 0x4848899: malloc (in /usr/libexec/valgrind/vgpreload_memcheck-amd64-linux.so)
==1055183==    by 0x48ADBAC: xmalloc (in /usr/lib/x86_64-linux-gnu/libreadline.so.8.1)
==1055183==    by 0x488A251: rl_make_bare_keymap (in /usr/lib/x86_64-linux-gnu/libreadline.so.8.1)
==1055183==    by 0x488AB6A: rl_generic_bind (in /usr/lib/x86_64-linux-gnu/libreadline.so.8.1)
==1055183==    by 0x489575D: rl_bind_keyseq_if_unbound_in_map (in /usr/lib/x86_64-linux-gnu/libreadline.so.8.1)
==1055183==    by 0x48A8DD5: ??? (in /usr/lib/x86_64-linux-gnu/libreadline.so.8.1)
==1055183==    by 0x48A931F: _rl_init_terminal_io (in /usr/lib/x86_64-linux-gnu/libreadline.so.8.1)
==1055183==    by 0x4895A0F: rl_initialize (in /usr/lib/x86_64-linux-gnu/libreadline.so.8.1)
==1055183==    by 0x4895CD4: readline (in /usr/lib/x86_64-linux-gnu/libreadline.so.8.1)
==1055183==    by 0x401896: read_input (in /home/spenev/42Cirriculum/minishell-my/minishell)
==1055183==    by 0x401BAB: main (in /home/spenev/42Cirriculum/minishell-my/minishell)
==1055183== 
==1055183== 4,112 bytes in 1 blocks are still reachable in loss record 54 of 74
==1055183==    at 0x4848899: malloc (in /usr/libexec/valgrind/vgpreload_memcheck-amd64-linux.so)
==1055183==    by 0x48ADBAC: xmalloc (in /usr/lib/x86_64-linux-gnu/libreadline.so.8.1)
==1055183==    by 0x488A251: rl_make_bare_keymap (in /usr/lib/x86_64-linux-gnu/libreadline.so.8.1)
==1055183==    by 0x488AB6A: rl_generic_bind (in /usr/lib/x86_64-linux-gnu/libreadline.so.8.1)
==1055183==    by 0x489575D: rl_bind_keyseq_if_unbound_in_map (in /usr/lib/x86_64-linux-gnu/libreadline.so.8.1)
==1055183==    by 0x48A8E5A: ??? (in /usr/lib/x86_64-linux-gnu/libreadline.so.8.1)
==1055183==    by 0x48A931F: _rl_init_terminal_io (in /usr/lib/x86_64-linux-gnu/libreadline.so.8.1)
==1055183==    by 0x4895A0F: rl_initialize (in /usr/lib/x86_64-linux-gnu/libreadline.so.8.1)
==1055183==    by 0x4895CD4: readline (in /usr/lib/x86_64-linux-gnu/libreadline.so.8.1)
==1055183==    by 0x401896: read_input (in /home/spenev/42Cirriculum/minishell-my/minishell)
==1055183==    by 0x401BAB: main (in /home/spenev/42Cirriculum/minishell-my/minishell)
==1055183== 
==1055183== 4,112 bytes in 1 blocks are still reachable in loss record 55 of 74
==1055183==    at 0x4848899: malloc (in /usr/libexec/valgrind/vgpreload_memcheck-amd64-linux.so)
==1055183==    by 0x48ADBAC: xmalloc (in /usr/lib/x86_64-linux-gnu/libreadline.so.8.1)
==1055183==    by 0x488A251: rl_make_bare_keymap (in /usr/lib/x86_64-linux-gnu/libreadline.so.8.1)
==1055183==    by 0x488AB6A: rl_generic_bind (in /usr/lib/x86_64-linux-gnu/libreadline.so.8.1)
==1055183==    by 0x489575D: rl_bind_keyseq_if_unbound_in_map (in /usr/lib/x86_64-linux-gnu/libreadline.so.8.1)
==1055183==    by 0x48A8E5A: ??? (in /usr/lib/x86_64-linux-gnu/libreadline.so.8.1)
==1055183==    by 0x48A932B: _rl_init_terminal_io (in /usr/lib/x86_64-linux-gnu/libreadline.so.8.1)
==1055183==    by 0x4895A0F: rl_initialize (in /usr/lib/x86_64-linux-gnu/libreadline.so.8.1)
==1055183==    by 0x4895CD4: readline (in /usr/lib/x86_64-linux-gnu/libreadline.so.8.1)
==1055183==    by 0x401896: read_input (in /home/spenev/42Cirriculum/minishell-my/minishell)
==1055183==    by 0x401BAB: main (in /home/spenev/42Cirriculum/minishell-my/minishell)
==1055183== 
==1055183== 4,112 bytes in 1 blocks are still reachable in loss record 56 of 74
==1055183==    at 0x4848899: malloc (in /usr/libexec/valgrind/vgpreload_memcheck-amd64-linux.so)
==1055183==    by 0x48ADBAC: xmalloc (in /usr/lib/x86_64-linux-gnu/libreadline.so.8.1)
==1055183==    by 0x488A251: rl_make_bare_keymap (in /usr/lib/x86_64-linux-gnu/libreadline.so.8.1)
==1055183==    by 0x488AB6A: rl_generic_bind (in /usr/lib/x86_64-linux-gnu/libreadline.so.8.1)
==1055183==    by 0x489575D: rl_bind_keyseq_if_unbound_in_map (in /usr/lib/x86_64-linux-gnu/libreadline.so.8.1)
==1055183==    by 0x48A8E5A: ??? (in /usr/lib/x86_64-linux-gnu/libreadline.so.8.1)
==1055183==    by 0x48A9337: _rl_init_terminal_io (in /usr/lib/x86_64-linux-gnu/libreadline.so.8.1)
==1055183==    by 0x4895A0F: rl_initialize (in /usr/lib/x86_64-linux-gnu/libreadline.so.8.1)
==1055183==    by 0x4895CD4: readline (in /usr/lib/x86_64-linux-gnu/libreadline.so.8.1)
==1055183==    by 0x401896: read_input (in /home/spenev/42Cirriculum/minishell-my/minishell)
==1055183==    by 0x401BAB: main (in /home/spenev/42Cirriculum/minishell-my/minishell)
==1055183== 
==1055183== 4,112 bytes in 1 blocks are still reachable in loss record 57 of 74
==1055183==    at 0x4848899: malloc (in /usr/libexec/valgrind/vgpreload_memcheck-amd64-linux.so)
==1055183==    by 0x48ADBAC: xmalloc (in /usr/lib/x86_64-linux-gnu/libreadline.so.8.1)
==1055183==    by 0x488A251: rl_make_bare_keymap (in /usr/lib/x86_64-linux-gnu/libreadline.so.8.1)
==1055183==    by 0x488AB6A: rl_generic_bind (in /usr/lib/x86_64-linux-gnu/libreadline.so.8.1)
==1055183==    by 0x489575D: rl_bind_keyseq_if_unbound_in_map (in /usr/lib/x86_64-linux-gnu/libreadline.so.8.1)
==1055183==    by 0x489594C: ??? (in /usr/lib/x86_64-linux-gnu/libreadline.so.8.1)
==1055183==    by 0x4895A84: rl_initialize (in /usr/lib/x86_64-linux-gnu/libreadline.so.8.1)
==1055183==    by 0x4895CD4: readline (in /usr/lib/x86_64-linux-gnu/libreadline.so.8.1)
==1055183==    by 0x401896: read_input (in /home/spenev/42Cirriculum/minishell-my/minishell)
==1055183==    by 0x401BAB: main (in /home/spenev/42Cirriculum/minishell-my/minishell)
==1055183== 
==1055183== 4,112 bytes in 1 blocks are still reachable in loss record 58 of 74
==1055183==    at 0x4848899: malloc (in /usr/libexec/valgrind/vgpreload_memcheck-amd64-linux.so)
==1055183==    by 0x48ADBAC: xmalloc (in /usr/lib/x86_64-linux-gnu/libreadline.so.8.1)
==1055183==    by 0x488A251: rl_make_bare_keymap (in /usr/lib/x86_64-linux-gnu/libreadline.so.8.1)
==1055183==    by 0x488AB6A: rl_generic_bind (in /usr/lib/x86_64-linux-gnu/libreadline.so.8.1)
==1055183==    by 0x489575D: rl_bind_keyseq_if_unbound_in_map (in /usr/lib/x86_64-linux-gnu/libreadline.so.8.1)
==1055183==    by 0x489594C: ??? (in /usr/lib/x86_64-linux-gnu/libreadline.so.8.1)
==1055183==    by 0x4895A93: rl_initialize (in /usr/lib/x86_64-linux-gnu/libreadline.so.8.1)
==1055183==    by 0x4895CD4: readline (in /usr/lib/x86_64-linux-gnu/libreadline.so.8.1)
==1055183==    by 0x401896: read_input (in /home/spenev/42Cirriculum/minishell-my/minishell)
==1055183==    by 0x401BAB: main (in /home/spenev/42Cirriculum/minishell-my/minishell)
==1055183== 
==1055183== 4,112 bytes in 1 blocks are still reachable in loss record 59 of 74
==1055183==    at 0x4848899: malloc (in /usr/libexec/valgrind/vgpreload_memcheck-amd64-linux.so)
==1055183==    by 0x48ADBAC: xmalloc (in /usr/lib/x86_64-linux-gnu/libreadline.so.8.1)
==1055183==    by 0x488A251: rl_make_bare_keymap (in /usr/lib/x86_64-linux-gnu/libreadline.so.8.1)
==1055183==    by 0x488AB6A: rl_generic_bind (in /usr/lib/x86_64-linux-gnu/libreadline.so.8.1)
==1055183==    by 0x489575D: rl_bind_keyseq_if_unbound_in_map (in /usr/lib/x86_64-linux-gnu/libreadline.so.8.1)
==1055183==    by 0x489594C: ??? (in /usr/lib/x86_64-linux-gnu/libreadline.so.8.1)
==1055183==    by 0x4895AB8: rl_initialize (in /usr/lib/x86_64-linux-gnu/libreadline.so.8.1)
==1055183==    by 0x4895CD4: readline (in /usr/lib/x86_64-linux-gnu/libreadline.so.8.1)
==1055183==    by 0x401896: read_input (in /home/spenev/42Cirriculum/minishell-my/minishell)
==1055183==    by 0x401BAB: main (in /home/spenev/42Cirriculum/minishell-my/minishell)
==1055183== 
==1055183== 5,148 (24 direct, 5,124 indirect) bytes in 1 blocks are definitely lost in loss record 60 of 74
==1055183==    at 0x4848899: malloc (in /usr/libexec/valgrind/vgpreload_memcheck-amd64-linux.so)
==1055183==    by 0x404495: create_node (in /home/spenev/42Cirriculum/minishell-my/minishell)
==1055183==    by 0x40458E: init_env (in /home/spenev/42Cirriculum/minishell-my/minishell)
==1055183==    by 0x401BA2: main (in /home/spenev/42Cirriculum/minishell-my/minishell)
==1055183== 
==1055183== 7,952 bytes in 1 blocks are still reachable in loss record 61 of 74
==1055183==    at 0x484DA83: calloc (in /usr/libexec/valgrind/vgpreload_memcheck-amd64-linux.so)
==1055183==    by 0x4AFFC97: ??? (in /usr/lib/x86_64-linux-gnu/libtinfo.so.6.3)
==1055183==    by 0x4B013AF: _nc_find_type_entry (in /usr/lib/x86_64-linux-gnu/libtinfo.so.6.3)
==1055183==    by 0x4B03E4C: tgetstr_sp (in /usr/lib/x86_64-linux-gnu/libtinfo.so.6.3)
==1055183==    by 0x48A921A: _rl_init_terminal_io (in /usr/lib/x86_64-linux-gnu/libreadline.so.8.1)
==1055183==    by 0x4895A0F: rl_initialize (in /usr/lib/x86_64-linux-gnu/libreadline.so.8.1)
==1055183==    by 0x4895CD4: readline (in /usr/lib/x86_64-linux-gnu/libreadline.so.8.1)
==1055183==    by 0x401896: read_input (in /home/spenev/42Cirriculum/minishell-my/minishell)
==1055183==    by 0x401BAB: main (in /home/spenev/42Cirriculum/minishell-my/minishell)
==1055183== 
==1055183== 8,224 bytes in 2 blocks are still reachable in loss record 62 of 74
==1055183==    at 0x4848899: malloc (in /usr/libexec/valgrind/vgpreload_memcheck-amd64-linux.so)
==1055183==    by 0x48ADBAC: xmalloc (in /usr/lib/x86_64-linux-gnu/libreadline.so.8.1)
==1055183==    by 0x488A251: rl_make_bare_keymap (in /usr/lib/x86_64-linux-gnu/libreadline.so.8.1)
==1055183==    by 0x488AB6A: rl_generic_bind (in /usr/lib/x86_64-linux-gnu/libreadline.so.8.1)
==1055183==    by 0x489575D: rl_bind_keyseq_if_unbound_in_map (in /usr/lib/x86_64-linux-gnu/libreadline.so.8.1)
==1055183==    by 0x48A8E47: ??? (in /usr/lib/x86_64-linux-gnu/libreadline.so.8.1)
==1055183==    by 0x48A931F: _rl_init_terminal_io (in /usr/lib/x86_64-linux-gnu/libreadline.so.8.1)
==1055183==    by 0x4895A0F: rl_initialize (in /usr/lib/x86_64-linux-gnu/libreadline.so.8.1)
==1055183==    by 0x4895CD4: readline (in /usr/lib/x86_64-linux-gnu/libreadline.so.8.1)
==1055183==    by 0x401896: read_input (in /home/spenev/42Cirriculum/minishell-my/minishell)
==1055183==    by 0x401BAB: main (in /home/spenev/42Cirriculum/minishell-my/minishell)
==1055183== 
==1055183== 8,224 bytes in 2 blocks are still reachable in loss record 63 of 74
==1055183==    at 0x4848899: malloc (in /usr/libexec/valgrind/vgpreload_memcheck-amd64-linux.so)
==1055183==    by 0x48ADBAC: xmalloc (in /usr/lib/x86_64-linux-gnu/libreadline.so.8.1)
==1055183==    by 0x488A251: rl_make_bare_keymap (in /usr/lib/x86_64-linux-gnu/libreadline.so.8.1)
==1055183==    by 0x488AB6A: rl_generic_bind (in /usr/lib/x86_64-linux-gnu/libreadline.so.8.1)
==1055183==    by 0x489575D: rl_bind_keyseq_if_unbound_in_map (in /usr/lib/x86_64-linux-gnu/libreadline.so.8.1)
==1055183==    by 0x48A8DD5: ??? (in /usr/lib/x86_64-linux-gnu/libreadline.so.8.1)
==1055183==    by 0x48A932B: _rl_init_terminal_io (in /usr/lib/x86_64-linux-gnu/libreadline.so.8.1)
==1055183==    by 0x4895A0F: rl_initialize (in /usr/lib/x86_64-linux-gnu/libreadline.so.8.1)
==1055183==    by 0x4895CD4: readline (in /usr/lib/x86_64-linux-gnu/libreadline.so.8.1)
==1055183==    by 0x401896: read_input (in /home/spenev/42Cirriculum/minishell-my/minishell)
==1055183==    by 0x401BAB: main (in /home/spenev/42Cirriculum/minishell-my/minishell)
==1055183== 
==1055183== 8,224 bytes in 2 blocks are still reachable in loss record 64 of 74
==1055183==    at 0x4848899: malloc (in /usr/libexec/valgrind/vgpreload_memcheck-amd64-linux.so)
==1055183==    by 0x48ADBAC: xmalloc (in /usr/lib/x86_64-linux-gnu/libreadline.so.8.1)
==1055183==    by 0x488A251: rl_make_bare_keymap (in /usr/lib/x86_64-linux-gnu/libreadline.so.8.1)
==1055183==    by 0x488AB6A: rl_generic_bind (in /usr/lib/x86_64-linux-gnu/libreadline.so.8.1)
==1055183==    by 0x489575D: rl_bind_keyseq_if_unbound_in_map (in /usr/lib/x86_64-linux-gnu/libreadline.so.8.1)
==1055183==    by 0x48A8E47: ??? (in /usr/lib/x86_64-linux-gnu/libreadline.so.8.1)
==1055183==    by 0x48A932B: _rl_init_terminal_io (in /usr/lib/x86_64-linux-gnu/libreadline.so.8.1)
==1055183==    by 0x4895A0F: rl_initialize (in /usr/lib/x86_64-linux-gnu/libreadline.so.8.1)
==1055183==    by 0x4895CD4: readline (in /usr/lib/x86_64-linux-gnu/libreadline.so.8.1)
==1055183==    by 0x401896: read_input (in /home/spenev/42Cirriculum/minishell-my/minishell)
==1055183==    by 0x401BAB: main (in /home/spenev/42Cirriculum/minishell-my/minishell)
==1055183== 
==1055183== 8,224 bytes in 2 blocks are still reachable in loss record 65 of 74
==1055183==    at 0x4848899: malloc (in /usr/libexec/valgrind/vgpreload_memcheck-amd64-linux.so)
==1055183==    by 0x48ADBAC: xmalloc (in /usr/lib/x86_64-linux-gnu/libreadline.so.8.1)
==1055183==    by 0x488A251: rl_make_bare_keymap (in /usr/lib/x86_64-linux-gnu/libreadline.so.8.1)
==1055183==    by 0x488AB6A: rl_generic_bind (in /usr/lib/x86_64-linux-gnu/libreadline.so.8.1)
==1055183==    by 0x489575D: rl_bind_keyseq_if_unbound_in_map (in /usr/lib/x86_64-linux-gnu/libreadline.so.8.1)
==1055183==    by 0x48A8DD5: ??? (in /usr/lib/x86_64-linux-gnu/libreadline.so.8.1)
==1055183==    by 0x48A9337: _rl_init_terminal_io (in /usr/lib/x86_64-linux-gnu/libreadline.so.8.1)
==1055183==    by 0x4895A0F: rl_initialize (in /usr/lib/x86_64-linux-gnu/libreadline.so.8.1)
==1055183==    by 0x4895CD4: readline (in /usr/lib/x86_64-linux-gnu/libreadline.so.8.1)
==1055183==    by 0x401896: read_input (in /home/spenev/42Cirriculum/minishell-my/minishell)
==1055183==    by 0x401BAB: main (in /home/spenev/42Cirriculum/minishell-my/minishell)
==1055183== 
==1055183== 8,224 bytes in 2 blocks are still reachable in loss record 66 of 74
==1055183==    at 0x4848899: malloc (in /usr/libexec/valgrind/vgpreload_memcheck-amd64-linux.so)
==1055183==    by 0x48ADBAC: xmalloc (in /usr/lib/x86_64-linux-gnu/libreadline.so.8.1)
==1055183==    by 0x488A251: rl_make_bare_keymap (in /usr/lib/x86_64-linux-gnu/libreadline.so.8.1)
==1055183==    by 0x488AB6A: rl_generic_bind (in /usr/lib/x86_64-linux-gnu/libreadline.so.8.1)
==1055183==    by 0x489575D: rl_bind_keyseq_if_unbound_in_map (in /usr/lib/x86_64-linux-gnu/libreadline.so.8.1)
==1055183==    by 0x48A8E47: ??? (in /usr/lib/x86_64-linux-gnu/libreadline.so.8.1)
==1055183==    by 0x48A9337: _rl_init_terminal_io (in /usr/lib/x86_64-linux-gnu/libreadline.so.8.1)
==1055183==    by 0x4895A0F: rl_initialize (in /usr/lib/x86_64-linux-gnu/libreadline.so.8.1)
==1055183==    by 0x4895CD4: readline (in /usr/lib/x86_64-linux-gnu/libreadline.so.8.1)
==1055183==    by 0x401896: read_input (in /home/spenev/42Cirriculum/minishell-my/minishell)
==1055183==    by 0x401BAB: main (in /home/spenev/42Cirriculum/minishell-my/minishell)
==1055183== 
==1055183== 8,224 bytes in 2 blocks are still reachable in loss record 67 of 74
==1055183==    at 0x4848899: malloc (in /usr/libexec/valgrind/vgpreload_memcheck-amd64-linux.so)
==1055183==    by 0x48ADBAC: xmalloc (in /usr/lib/x86_64-linux-gnu/libreadline.so.8.1)
==1055183==    by 0x488A251: rl_make_bare_keymap (in /usr/lib/x86_64-linux-gnu/libreadline.so.8.1)
==1055183==    by 0x488AB6A: rl_generic_bind (in /usr/lib/x86_64-linux-gnu/libreadline.so.8.1)
==1055183==    by 0x489575D: rl_bind_keyseq_if_unbound_in_map (in /usr/lib/x86_64-linux-gnu/libreadline.so.8.1)
==1055183==    by 0x489593D: ??? (in /usr/lib/x86_64-linux-gnu/libreadline.so.8.1)
==1055183==    by 0x4895A84: rl_initialize (in /usr/lib/x86_64-linux-gnu/libreadline.so.8.1)
==1055183==    by 0x4895CD4: readline (in /usr/lib/x86_64-linux-gnu/libreadline.so.8.1)
==1055183==    by 0x401896: read_input (in /home/spenev/42Cirriculum/minishell-my/minishell)
==1055183==    by 0x401BAB: main (in /home/spenev/42Cirriculum/minishell-my/minishell)
==1055183== 
==1055183== 8,224 bytes in 2 blocks are still reachable in loss record 68 of 74
==1055183==    at 0x4848899: malloc (in /usr/libexec/valgrind/vgpreload_memcheck-amd64-linux.so)
==1055183==    by 0x48ADBAC: xmalloc (in /usr/lib/x86_64-linux-gnu/libreadline.so.8.1)
==1055183==    by 0x488A251: rl_make_bare_keymap (in /usr/lib/x86_64-linux-gnu/libreadline.so.8.1)
==1055183==    by 0x488AB6A: rl_generic_bind (in /usr/lib/x86_64-linux-gnu/libreadline.so.8.1)
==1055183==    by 0x489575D: rl_bind_keyseq_if_unbound_in_map (in /usr/lib/x86_64-linux-gnu/libreadline.so.8.1)
==1055183==    by 0x489593D: ??? (in /usr/lib/x86_64-linux-gnu/libreadline.so.8.1)
==1055183==    by 0x4895A93: rl_initialize (in /usr/lib/x86_64-linux-gnu/libreadline.so.8.1)
==1055183==    by 0x4895CD4: readline (in /usr/lib/x86_64-linux-gnu/libreadline.so.8.1)
==1055183==    by 0x401896: read_input (in /home/spenev/42Cirriculum/minishell-my/minishell)
==1055183==    by 0x401BAB: main (in /home/spenev/42Cirriculum/minishell-my/minishell)
==1055183== 
==1055183== 8,224 bytes in 2 blocks are still reachable in loss record 69 of 74
==1055183==    at 0x4848899: malloc (in /usr/libexec/valgrind/vgpreload_memcheck-amd64-linux.so)
==1055183==    by 0x48ADBAC: xmalloc (in /usr/lib/x86_64-linux-gnu/libreadline.so.8.1)
==1055183==    by 0x488A251: rl_make_bare_keymap (in /usr/lib/x86_64-linux-gnu/libreadline.so.8.1)
==1055183==    by 0x488AB6A: rl_generic_bind (in /usr/lib/x86_64-linux-gnu/libreadline.so.8.1)
==1055183==    by 0x489575D: rl_bind_keyseq_if_unbound_in_map (in /usr/lib/x86_64-linux-gnu/libreadline.so.8.1)
==1055183==    by 0x489593D: ??? (in /usr/lib/x86_64-linux-gnu/libreadline.so.8.1)
==1055183==    by 0x4895AB8: rl_initialize (in /usr/lib/x86_64-linux-gnu/libreadline.so.8.1)
==1055183==    by 0x4895CD4: readline (in /usr/lib/x86_64-linux-gnu/libreadline.so.8.1)
==1055183==    by 0x401896: read_input (in /home/spenev/42Cirriculum/minishell-my/minishell)
==1055183==    by 0x401BAB: main (in /home/spenev/42Cirriculum/minishell-my/minishell)
==1055183== 
==1055183== 8,224 bytes in 2 blocks are still reachable in loss record 70 of 74
==1055183==    at 0x4848899: malloc (in /usr/libexec/valgrind/vgpreload_memcheck-amd64-linux.so)
==1055183==    by 0x48ADBAC: xmalloc (in /usr/lib/x86_64-linux-gnu/libreadline.so.8.1)
==1055183==    by 0x488A251: rl_make_bare_keymap (in /usr/lib/x86_64-linux-gnu/libreadline.so.8.1)
==1055183==    by 0x488AB6A: rl_generic_bind (in /usr/lib/x86_64-linux-gnu/libreadline.so.8.1)
==1055183==    by 0x489575D: rl_bind_keyseq_if_unbound_in_map (in /usr/lib/x86_64-linux-gnu/libreadline.so.8.1)
==1055183==    by 0x4895AD2: rl_initialize (in /usr/lib/x86_64-linux-gnu/libreadline.so.8.1)
==1055183==    by 0x4895CD4: readline (in /usr/lib/x86_64-linux-gnu/libreadline.so.8.1)
==1055183==    by 0x401896: read_input (in /home/spenev/42Cirriculum/minishell-my/minishell)
==1055183==    by 0x401BAB: main (in /home/spenev/42Cirriculum/minishell-my/minishell)
==1055183== 
==1055183== 8,224 bytes in 2 blocks are still reachable in loss record 71 of 74
==1055183==    at 0x4848899: malloc (in /usr/libexec/valgrind/vgpreload_memcheck-amd64-linux.so)
==1055183==    by 0x48ADBAC: xmalloc (in /usr/lib/x86_64-linux-gnu/libreadline.so.8.1)
==1055183==    by 0x488A251: rl_make_bare_keymap (in /usr/lib/x86_64-linux-gnu/libreadline.so.8.1)
==1055183==    by 0x488AB6A: rl_generic_bind (in /usr/lib/x86_64-linux-gnu/libreadline.so.8.1)
==1055183==    by 0x489575D: rl_bind_keyseq_if_unbound_in_map (in /usr/lib/x86_64-linux-gnu/libreadline.so.8.1)
==1055183==    by 0x4895AE1: rl_initialize (in /usr/lib/x86_64-linux-gnu/libreadline.so.8.1)
==1055183==    by 0x4895CD4: readline (in /usr/lib/x86_64-linux-gnu/libreadline.so.8.1)
==1055183==    by 0x401896: read_input (in /home/spenev/42Cirriculum/minishell-my/minishell)
==1055183==    by 0x401BAB: main (in /home/spenev/42Cirriculum/minishell-my/minishell)
==1055183== 
==1055183== 12,336 bytes in 3 blocks are still reachable in loss record 72 of 74
==1055183==    at 0x4848899: malloc (in /usr/libexec/valgrind/vgpreload_memcheck-amd64-linux.so)
==1055183==    by 0x48ADBAC: xmalloc (in /usr/lib/x86_64-linux-gnu/libreadline.so.8.1)
==1055183==    by 0x488A251: rl_make_bare_keymap (in /usr/lib/x86_64-linux-gnu/libreadline.so.8.1)
==1055183==    by 0x488AB6A: rl_generic_bind (in /usr/lib/x86_64-linux-gnu/libreadline.so.8.1)
==1055183==    by 0x489575D: rl_bind_keyseq_if_unbound_in_map (in /usr/lib/x86_64-linux-gnu/libreadline.so.8.1)
==1055183==    by 0x4895914: ??? (in /usr/lib/x86_64-linux-gnu/libreadline.so.8.1)
==1055183==    by 0x4895A93: rl_initialize (in /usr/lib/x86_64-linux-gnu/libreadline.so.8.1)
==1055183==    by 0x4895CD4: readline (in /usr/lib/x86_64-linux-gnu/libreadline.so.8.1)
==1055183==    by 0x401896: read_input (in /home/spenev/42Cirriculum/minishell-my/minishell)
==1055183==    by 0x401BAB: main (in /home/spenev/42Cirriculum/minishell-my/minishell)
==1055183== 
==1055183== 12,336 bytes in 3 blocks are still reachable in loss record 73 of 74
==1055183==    at 0x4848899: malloc (in /usr/libexec/valgrind/vgpreload_memcheck-amd64-linux.so)
==1055183==    by 0x48ADBAC: xmalloc (in /usr/lib/x86_64-linux-gnu/libreadline.so.8.1)
==1055183==    by 0x488A251: rl_make_bare_keymap (in /usr/lib/x86_64-linux-gnu/libreadline.so.8.1)
==1055183==    by 0x488AB6A: rl_generic_bind (in /usr/lib/x86_64-linux-gnu/libreadline.so.8.1)
==1055183==    by 0x489575D: rl_bind_keyseq_if_unbound_in_map (in /usr/lib/x86_64-linux-gnu/libreadline.so.8.1)
==1055183==    by 0x4895914: ??? (in /usr/lib/x86_64-linux-gnu/libreadline.so.8.1)
==1055183==    by 0x4895AB8: rl_initialize (in /usr/lib/x86_64-linux-gnu/libreadline.so.8.1)
==1055183==    by 0x4895CD4: readline (in /usr/lib/x86_64-linux-gnu/libreadline.so.8.1)
==1055183==    by 0x401896: read_input (in /home/spenev/42Cirriculum/minishell-my/minishell)
==1055183==    by 0x401BAB: main (in /home/spenev/42Cirriculum/minishell-my/minishell)
==1055183== 
==1055183== 28,784 bytes in 7 blocks are still reachable in loss record 74 of 74
==1055183==    at 0x4848899: malloc (in /usr/libexec/valgrind/vgpreload_memcheck-amd64-linux.so)
==1055183==    by 0x48ADBAC: xmalloc (in /usr/lib/x86_64-linux-gnu/libreadline.so.8.1)
==1055183==    by 0x488A251: rl_make_bare_keymap (in /usr/lib/x86_64-linux-gnu/libreadline.so.8.1)
==1055183==    by 0x488AB6A: rl_generic_bind (in /usr/lib/x86_64-linux-gnu/libreadline.so.8.1)
==1055183==    by 0x489B99E: rl_parse_and_bind (in /usr/lib/x86_64-linux-gnu/libreadline.so.8.1)
==1055183==    by 0x489BB6C: ??? (in /usr/lib/x86_64-linux-gnu/libreadline.so.8.1)
==1055183==    by 0x4895A38: rl_initialize (in /usr/lib/x86_64-linux-gnu/libreadline.so.8.1)
==1055183==    by 0x4895CD4: readline (in /usr/lib/x86_64-linux-gnu/libreadline.so.8.1)
==1055183==    by 0x401896: read_input (in /home/spenev/42Cirriculum/minishell-my/minishell)
==1055183==    by 0x401BAB: main (in /home/spenev/42Cirriculum/minishell-my/minishell)
==1055183== 
==1055183== LEAK SUMMARY:
==1055183==    definitely lost: 48 bytes in 2 blocks
==1055183==    indirectly lost: 5,233 bytes in 260 blocks
==1055183==      possibly lost: 0 bytes in 0 blocks
==1055183==    still reachable: 208,216 bytes in 225 blocks
==1055183==         suppressed: 0 bytes in 0 blocks
==1055183== 
==1055183== For lists of detected and suppressed errors, rerun with: -s
==1055183== ERROR SUMMARY: 2 errors from 2 contexts (suppressed: 0 from 0)
